<?xml version="1.0" encoding="UTF-8"?>
<!-- Generated by org.testng.reporters.JUnitReportReporter -->
<testsuite skipped="0" hostname="ip-172-31-80-188" name="Test.LoginTest" tests="2" failures="0" timestamp="2021-10-28T07:00:30 UTC" time="8.861" errors="0">
  <testcase name="Positivelogin" time="4.056" classname="Test.LoginTest"/>
  <system-out/>
  <testcase name="Negativelogin" time="4.805" classname="Test.LoginTest"/>
  <system-out/>
</testsuite> <!-- Test.LoginTest -->
