<?xml version="1.0" encoding="UTF-8"?>
<!-- Generated by org.testng.reporters.JUnitReportReporter -->
<testsuite skipped="0" hostname="ip-172-31-80-188" name="Test.TestCase2" tests="2" failures="0" timestamp="2021-10-25T07:20:12 UTC" time="0.009" errors="0">
  <testcase name="CreditCardTest" time="0.001" classname="Test.TestCase2"/>
  <system-out/>
  <testcase name="CCTest" time="0.008" classname="Test.TestCase2"/>
  <system-out/>
</testsuite> <!-- Test.TestCase2 -->
