<?xml version="1.0" encoding="UTF-8"?>
<!-- Generated by org.testng.reporters.JUnitReportReporter -->
<testsuite skipped="0" hostname="ip-172-31-80-188" name="Test.TestCase1" tests="3" failures="0" timestamp="2021-10-25T07:09:30 UTC" time="0.009" errors="0">
  <testcase name="HomeLoneTest" time="0.006" classname="Test.TestCase1"/>
  <system-out/>
  <testcase name="HomeLoneTest1" time="0.002" classname="Test.TestCase1"/>
  <system-out/>
  <testcase name="CarLoanTest" time="0.001" classname="Test.TestCase1"/>
  <system-out/>
</testsuite> <!-- Test.TestCase1 -->
